{"/home/julia/Área de Trabalho/cifraDeCesar/src/cipher.js":{"path":"/home/julia/Área de Trabalho/cifraDeCesar/src/cipher.js","statementMap":{"0":{"start":{"line":1,"column":0},"end":{"line":4,"column":2}},"1":{"start":{"line":7,"column":18},"end":{"line":7,"column":20}},"2":{"start":{"line":8,"column":2},"end":{"line":19,"column":3}},"3":{"start":{"line":8,"column":15},"end":{"line":8,"column":16}},"4":{"start":{"line":9,"column":4},"end":{"line":18,"column":5}},"5":{"start":{"line":10,"column":6},"end":{"line":10,"column":22}},"6":{"start":{"line":13,"column":9},"end":{"line":18,"column":5}},"7":{"start":{"line":14,"column":6},"end":{"line":14,"column":88}},"8":{"start":{"line":16,"column":9},"end":{"line":18,"column":5}},"9":{"start":{"line":17,"column":6},"end":{"line":17,"column":88}},"10":{"start":{"line":21,"column":2},"end":{"line":21,"column":19}},"11":{"start":{"line":25,"column":19},"end":{"line":25,"column":21}},"12":{"start":{"line":26,"column":2},"end":{"line":38,"column":3}},"13":{"start":{"line":26,"column":15},"end":{"line":26,"column":16}},"14":{"start":{"line":27,"column":4},"end":{"line":37,"column":5}},"15":{"start":{"line":28,"column":6},"end":{"line":28,"column":23}},"16":{"start":{"line":31,"column":9},"end":{"line":37,"column":5}},"17":{"start":{"line":32,"column":6},"end":{"line":32,"column":89}},"18":{"start":{"line":34,"column":9},"end":{"line":37,"column":5}},"19":{"start":{"line":35,"column":6},"end":{"line":35,"column":90}},"20":{"start":{"line":39,"column":2},"end":{"line":39,"column":20}}},"fnMap":{"0":{"name":"encode","decl":{"start":{"line":6,"column":9},"end":{"line":6,"column":15}},"loc":{"start":{"line":6,"column":30},"end":{"line":22,"column":1}},"line":6},"1":{"name":"decode","decl":{"start":{"line":24,"column":9},"end":{"line":24,"column":15}},"loc":{"start":{"line":24,"column":30},"end":{"line":40,"column":1}},"line":24}},"branchMap":{"0":{"loc":{"start":{"line":9,"column":4},"end":{"line":18,"column":5}},"type":"if","locations":[{"start":{"line":9,"column":4},"end":{"line":18,"column":5}},{"start":{"line":9,"column":4},"end":{"line":18,"column":5}}],"line":9},"1":{"loc":{"start":{"line":13,"column":9},"end":{"line":18,"column":5}},"type":"if","locations":[{"start":{"line":13,"column":9},"end":{"line":18,"column":5}},{"start":{"line":13,"column":9},"end":{"line":18,"column":5}}],"line":13},"2":{"loc":{"start":{"line":13,"column":13},"end":{"line":13,"column":69}},"type":"binary-expr","locations":[{"start":{"line":13,"column":13},"end":{"line":13,"column":39}},{"start":{"line":13,"column":43},"end":{"line":13,"column":69}}],"line":13},"3":{"loc":{"start":{"line":16,"column":9},"end":{"line":18,"column":5}},"type":"if","locations":[{"start":{"line":16,"column":9},"end":{"line":18,"column":5}},{"start":{"line":16,"column":9},"end":{"line":18,"column":5}}],"line":16},"4":{"loc":{"start":{"line":16,"column":13},"end":{"line":16,"column":69}},"type":"binary-expr","locations":[{"start":{"line":16,"column":13},"end":{"line":16,"column":38}},{"start":{"line":16,"column":42},"end":{"line":16,"column":69}}],"line":16},"5":{"loc":{"start":{"line":27,"column":4},"end":{"line":37,"column":5}},"type":"if","locations":[{"start":{"line":27,"column":4},"end":{"line":37,"column":5}},{"start":{"line":27,"column":4},"end":{"line":37,"column":5}}],"line":27},"6":{"loc":{"start":{"line":31,"column":9},"end":{"line":37,"column":5}},"type":"if","locations":[{"start":{"line":31,"column":9},"end":{"line":37,"column":5}},{"start":{"line":31,"column":9},"end":{"line":37,"column":5}}],"line":31},"7":{"loc":{"start":{"line":31,"column":13},"end":{"line":31,"column":69}},"type":"binary-expr","locations":[{"start":{"line":31,"column":13},"end":{"line":31,"column":39}},{"start":{"line":31,"column":43},"end":{"line":31,"column":69}}],"line":31},"8":{"loc":{"start":{"line":34,"column":9},"end":{"line":37,"column":5}},"type":"if","locations":[{"start":{"line":34,"column":9},"end":{"line":37,"column":5}},{"start":{"line":34,"column":9},"end":{"line":37,"column":5}}],"line":34},"9":{"loc":{"start":{"line":34,"column":13},"end":{"line":34,"column":68}},"type":"binary-expr","locations":[{"start":{"line":34,"column":13},"end":{"line":34,"column":38}},{"start":{"line":34,"column":42},"end":{"line":34,"column":68}}],"line":34}},"s":{"0":1,"1":2,"2":2,"3":2,"4":52,"5":0,"6":52,"7":26,"8":26,"9":26,"10":2,"11":2,"12":2,"13":2,"14":52,"15":0,"16":52,"17":26,"18":26,"19":26,"20":2},"f":{"0":2,"1":2},"b":{"0":[0,52],"1":[26,26],"2":[52,52],"3":[26,0],"4":[26,26],"5":[0,52],"6":[26,26],"7":[52,52],"8":[26,0],"9":[26,26]},"_coverageSchema":"43e27e138ebf9cfc5966b082cf9a028302ed4184","hash":"f2911f211cd5fb863d348570e25154b09dea64d6","contentHash":"ac7329d026f4d1e624f1c4b566fa3b6ef071490a4ba6d92a893109c78327603d"}}